<?xml version="1.0" encoding="UTF-8"?>
<!-- Generated by org.testng.reporters.JUnitReportReporter -->
<testsuite skipped="0" hostname="PRAJWAL-PC" name="com.tests.AccountPinPageTest" tests="1" failures="0" timestamp="31 Aug 2021 08:35:32 GMT" time="16.284" errors="0">
  <testcase name="verifyAccountPin" time="16.284" classname="com.tests.AccountPinPageTest"/>
</testsuite> <!-- com.tests.AccountPinPageTest -->
