<?xml version="1.0" encoding="UTF-8"?>
<!-- Generated by org.testng.reporters.JUnitReportReporter -->
<testsuite skipped="0" hostname="PRAJWAL-PC" name="com.tests.AccountPinPageTest" tests="1" failures="0" timestamp="26 Aug 2021 06:45:23 GMT" time="23.410" errors="0">
  <testcase name="verifyAccountPin" time="23.410" classname="com.tests.AccountPinPageTest"/>
</testsuite> <!-- com.tests.AccountPinPageTest -->
