<?xml version="1.0" encoding="UTF-8"?>
<!-- Generated by org.testng.reporters.JUnitReportReporter -->
<testsuite skipped="0" hostname="PRAJWAL-PC" name="com.tests.LoginTest" tests="1" failures="0" timestamp="26 Aug 2021 06:43:35 GMT" time="13.859" errors="0">
  <testcase name="verifyLogin" time="13.859" classname="com.tests.LoginTest"/>
</testsuite> <!-- com.tests.LoginTest -->
