<?xml version="1.0" encoding="UTF-8"?>
<!-- Generated by org.testng.reporters.JUnitReportReporter -->
<testsuite skipped="0" hostname="PRAJWAL-PC" name="com.tests.LoginTest" tests="1" failures="0" timestamp="31 Aug 2021 08:34:54 GMT" time="15.146" errors="0">
  <testcase name="verifyLogin" time="15.146" classname="com.tests.LoginTest"/>
</testsuite> <!-- com.tests.LoginTest -->
